\BOOKMARK [0][-]{chapter.1}{\376\377\000B\000e\000v\000e\000z\000e\000t\001\121}{}% 1
\BOOKMARK [0][-]{chapter.2}{\376\377\000A\000l\000a\000p\000f\000o\000g\000a\000l\000m\000a\000k}{}% 2
\BOOKMARK [1][-]{section.2.1}{\376\377\000A\000\040\000m\000e\000g\000e\000r\001\121\000s\000\355\000t\000\351\000s\000e\000s\000\040\000t\000a\000n\000u\000l\000\341\000s}{chapter.2}% 3
\BOOKMARK [1][-]{section.2.2}{\376\377\000A\000\040\000m\000e\000g\000e\000r\001\121\000s\000\355\000t\000\351\000s\000e\000s\000\040\000t\000a\000n\000u\000l\000\341\000s\000\040\000a\000l\000g\000o\000r\000i\000t\000m\000u\000s\000o\000k\000\040\000k\000i\000p\000r\000\363\000b\000\341\000l\000\341\000s\000\341\000n\000a\000k\000\040\000a\000l\000a\000p\000\040\000l\000\351\000p\000\351\000s\000e\000i}{chapter.2}% 4
\BOOKMARK [2][-]{subsection.2.2.1}{\376\377\000K\000i\000h\000\355\000v\000\341\000s\000o\000k\000\040\000a\000\040\000k\000\355\000s\000\351\000r\000l\000e\000t\000e\000k\000\040\000f\000u\000t\000t\000a\000t\000\341\000s\000a\000\040\000s\000o\000r\000\341\000n}{section.2.2}% 5
\BOOKMARK [1][-]{section.2.3}{\376\377\000A\000l\000a\000p\000f\000o\000g\000a\000l\000m\000a\000k\000\040\000b\000e\000v\000e\000z\000e\000t\000\351\000s\000e}{chapter.2}% 6
\BOOKMARK [0][-]{chapter.3}{\376\377\000F\000e\000l\000h\000a\000s\000z\000n\000\341\000l\000t\000\040\000m\000\363\000d\000s\000z\000e\000r\000e\000k\000\040\000\351\000s\000\040\000e\000s\000z\000k\000\366\000z\000\366\000k}{}% 7
\BOOKMARK [1][-]{section.3.1}{\376\377\000V\000e\000r\000z\000i\000\363\000k\000\366\000v\000e\000t\000\351\000s}{chapter.3}% 8
\BOOKMARK [1][-]{section.3.2}{\376\377\000P\000r\000o\000j\000e\000k\000t\000m\000e\000n\000e\000d\000z\000s\000m\000e\000n\000t}{chapter.3}% 9
\BOOKMARK [1][-]{section.3.3}{\376\377\000B\000u\000i\000l\000d\000\040\000r\000e\000n\000d\000s\000z\000e\000r}{chapter.3}% 10
\BOOKMARK [0][-]{chapter.4}{\376\377\000F\000e\000l\000h\000a\000s\000z\000n\000\341\000l\000t\000\040\000t\000e\000c\000h\000n\000\363\000l\000\363\000g\000i\000\341\000k}{}% 11
\BOOKMARK [1][-]{section.4.1}{\376\377\000G\000l\000a\000s\000s\000f\000i\000s\000h}{chapter.4}% 12
\BOOKMARK [1][-]{section.4.2}{\376\377\000V\000a\000a\000d\000i\000n}{chapter.4}% 13
\BOOKMARK [2][-]{subsection.4.2.1}{\376\377\000A\000\040\000V\000a\000a\000d\000i\000n\000\040\000a\000r\000c\000h\000i\000t\000e\000k\000t\000\372\000r\000a}{section.4.2}% 14
\BOOKMARK [2][-]{subsection.4.2.2}{\376\377\000A\000\040\000V\000a\000a\000d\000i\000n\000\040\000k\000o\000m\000p\000o\000n\000e\000n\000s\000e\000k}{section.4.2}% 15
\BOOKMARK [1][-]{section.4.3}{\376\377\000T\000o\000v\000\341\000b\000b\000i\000\040\000t\000e\000c\000h\000n\000\363\000l\000\363\000g\000i\000\341\000k}{chapter.4}% 16
\BOOKMARK [0][-]{chapter.5}{\376\377\000A\000z\000\040\000O\000S\000G\000i\000\040\000k\000e\000r\000e\000t\000r\000e\000n\000d\000s\000z\000e\000r}{}% 17
\BOOKMARK [1][-]{section.5.1}{\376\377\000A\000z\000\040\000O\000S\000G\000i\000\040\000k\000e\000r\000e\000t\000r\000e\000n\000d\000s\000z\000e\000r}{chapter.5}% 18
\BOOKMARK [1][-]{section.5.2}{\376\377\000A\000z\000\040\000O\000S\000G\000i\000\040\000a\000r\000c\000h\000i\000t\000e\000k\000t\000\372\000r\000a}{chapter.5}% 19
\BOOKMARK [2][-]{subsection.5.2.1}{\376\377\000O\000S\000G\000i\000\040\000s\000z\000o\000l\000g\000\341\000l\000t\000a\000t\000\341\000s\000o\000k}{section.5.2}% 20
\BOOKMARK [1][-]{section.5.3}{\376\377\000A\000\040\000R\000o\000b\000o\000R\000u\000n\000\040\000p\000r\000o\000j\000e\000k\000t\000\040\000\351\000s\000\040\000a\000z\000\040\000O\000S\000G\000i}{chapter.5}% 21
\BOOKMARK [0][-]{chapter.6}{\376\377\000A\000\040\000r\000e\000n\000d\000s\000z\000e\000r\000\040\000f\000e\000l\000\351\000p\000\355\000t\000\351\000s\000e\000\040\000\351\000s\000\040\000h\000a\000s\000z\000n\000\341\000l\000a\000t\000a}{}% 22
\BOOKMARK [1][-]{section.6.1}{\376\377\000N\000e\000m\000\040\000t\000u\000d\000o\000m}{chapter.6}% 23
\BOOKMARK [0][-]{chapter.7}{\376\377\000K\000\366\000v\000e\000t\000k\000e\000z\000t\000e\000t\000\351\000s\000\040\000\351\000s\000\040\000t\000o\000v\000\341\000b\000b\000f\000e\000j\000l\000e\000s\000z\000t\000\351\000s\000i\000\040\000l\000e\000h\000e\000t\001\121\000s\000\351\000g\000e\000k}{}% 24
